2025-09-01 16:58:16,003 - INFO - 원본 디렉토리: /home/kongju/DEV/dream/DATA/RAW_LOGS
2025-09-01 16:58:16,003 - INFO - 대상 디렉토리: /home/kongju/DEV/dream/DATA/LOGS
2025-09-01 16:58:16,003 - INFO - 🚀 로그 파일 형식 변환 시작
2025-09-01 16:58:16,003 - INFO - RAW_LOGS 디렉토리 스캔 시작...
2025-09-01 16:58:16,004 - INFO - 발견된 파일: idp_log/ssoserver.log
2025-09-01 16:58:16,004 - INFO - 발견된 파일: idp_log/ssoserver_20250820.log
2025-09-01 16:58:16,004 - INFO - 폴더 'idp_log'에서 2개 파일 발견
2025-09-01 16:58:16,004 - INFO - 발견된 파일: sp_log/ssoagent_20250821.log
2025-09-01 16:58:16,004 - INFO - 발견된 파일: sp_log/ssoagent_20250820.log
2025-09-01 16:58:16,004 - INFO - 폴더 'sp_log'에서 2개 파일 발견
2025-09-01 16:58:16,004 - INFO - 발견된 파일: sp1/ssoagent_20250821.log
2025-09-01 16:58:16,004 - INFO - 폴더 'sp1'에서 1개 파일 발견
2025-09-01 16:58:16,005 - INFO - 발견된 파일: idp/ssoserver.log
2025-09-01 16:58:16,005 - INFO - 폴더 'idp'에서 1개 파일 발견
2025-09-01 16:58:16,005 - INFO - 발견된 파일: sp2/ssoagent_20250821.log
2025-09-01 16:58:16,005 - INFO - 폴더 'sp2'에서 1개 파일 발견
2025-09-01 16:58:16,005 - INFO - 총 5개 폴더에서 파일 발견
2025-09-01 16:58:16,005 - INFO - 총 7개 파일 처리 시작 (모드: copy)
2025-09-01 16:58:16,005 - INFO - 폴더 'idp_log' 처리 중...
2025-09-01 16:58:16,005 - INFO - 복사 완료: ssoserver.log → idp_log__ssoserver.log
2025-09-01 16:58:16,005 - INFO - 진행률: 1/7 (14.3%)
2025-09-01 16:58:16,005 - INFO - 복사 완료: ssoserver_20250820.log → idp_log__ssoserver_20250820.log
2025-09-01 16:58:16,006 - INFO - 진행률: 2/7 (28.6%)
2025-09-01 16:58:16,006 - INFO - 폴더 'sp_log' 처리 중...
2025-09-01 16:58:16,006 - INFO - 복사 완료: ssoagent_20250821.log → sp_log__ssoagent_20250821.log
2025-09-01 16:58:16,006 - INFO - 진행률: 3/7 (42.9%)
2025-09-01 16:58:16,006 - INFO - 복사 완료: ssoagent_20250820.log → sp_log__ssoagent_20250820.log
2025-09-01 16:58:16,006 - INFO - 진행률: 4/7 (57.1%)
2025-09-01 16:58:16,006 - INFO - 폴더 'sp1' 처리 중...
2025-09-01 16:58:16,006 - INFO - 복사 완료: ssoagent_20250821.log → sp1__ssoagent_20250821.log
2025-09-01 16:58:16,006 - INFO - 진행률: 5/7 (71.4%)
2025-09-01 16:58:16,006 - INFO - 폴더 'idp' 처리 중...
2025-09-01 16:58:16,010 - INFO - 복사 완료: ssoserver.log → idp__ssoserver.log
2025-09-01 16:58:16,011 - INFO - 진행률: 6/7 (85.7%)
2025-09-01 16:58:16,011 - INFO - 폴더 'sp2' 처리 중...
2025-09-01 16:58:16,011 - INFO - 복사 완료: ssoagent_20250821.log → sp2__ssoagent_20250821.log
2025-09-01 16:58:16,011 - INFO - 진행률: 7/7 (100.0%)
2025-09-01 16:58:16,011 - INFO - 📄 보고서 저장: /home/kongju/DEV/dream/DATA/log_conversion_report_20250901_165816.txt
2025-09-01 16:58:16,011 - INFO - ✅ 로그 파일 형식 변환 완료
